2024-11-24T16:36:01+00:00 DEBUG POST: https://ads.tiktok.com/marketing_api/api/developer/app/create_auto_approve/

{"business_platform":"PROD","smb_id":"tt4b_woocommerce_674355f1a34d0httplocalhost8888wp-admin","smb_name":"PROD","redirect_url":"http:\/\/localhost:8888\/wp-admin\/"}
 ajax: no
2024-11-24T16:36:03+00:00 DEBUG Tt4b_Mapi_Class::create_open_source_app: Response: 

HTTP/1.1 200 OK
Content-Type: application/json
X-Tt-Logid: 202411241636012648F560CDF8A31E6B93,202411241636012648F560CDF8A31E6B93
Strict-Transport-Security: max-age=31536000; includeSubDomains
Server-Timing: inner; dur=64
x-tt-trace-host: 0141ad59f15bc40dc514a3a396d57bb0d3bc38f4d78f665f46cb60dff83ff66fd4961c2930057f2d490590f1013afcd872828506b9158203fa7ed4364c30de76ab76fbd918c444f2fbc487bdd5607e4c02c253e45cc30e29bc27c8455d7b1f0024
x-tt-trace-id: 00-2411241636012648F560CDF8A31E6B93-54D87037492E5EBA-00
Server: TLB
Content-Encoding: gzip
Date: Sun, 24 Nov 2024 16:36:03 GMT
Content-Length: 202
X-Cache: TCP_MISS from a213-57-23-151.deploy.akamaitechnologies.com (AkamaiGHost/11.7.1-5d2a058efeda81c5505a169a6e16c38e) (-)
Connection: close
Vary: Accept-Encoding
x-tt-trace-tag: id=16;cdn-cache=miss;type=dyn
Server-Timing: cdn-cache; desc=MISS, edge; dur=9, origin; dur=1251
X-Origin-Response-Time: 1251,213.57.23.151
X-Akamai-Request-ID: 4eb01f2a

{"code":0,"msg":"ok","data":{"redirect_uri":"http:\/\/localhost:8888\/wp-admin\/","external_data_key":"dc8fe07c-00dd-430d-9ad4-9a8ae21bf7ae","app_secret":"3d17009bb3435599626c9f0f64790d8beef6e19d","app_id":"7440885510504988690"}}
